<?xml version="1.0" encoding="UTF-8"?>
<!-- Generated by org.testng.reporters.JUnitReportReporter -->
<testsuite hostname="LAPTOP-O81FVFFS" name="com.adda.main.MainClass" tests="6" failures="0" timestamp="18 Feb 2019 07:28:57 GMT" time="397.778" errors="0">
  <testcase name="verifyMyUnit" time="145.356" classname="com.adda.main.MainClass"/>
  <testcase name="ValidateHelpdesk" time="72.840" classname="com.adda.main.MainClass"/>
  <testcase name="createConversations" time="59.403" classname="com.adda.main.MainClass"/>
  <testcase name="AdminCreateNotice" time="51.855" classname="com.adda.main.MainClass"/>
  <testcase name="UserVerifyNotice" time="17.996" classname="com.adda.main.MainClass"/>
  <testcase name="validateDirectMessage" time="50.328" classname="com.adda.main.MainClass"/>
</testsuite> <!-- com.adda.main.MainClass -->
